01-Jun-2012 01:28:02 com.settinghead.wenwentu.service.GroffleService runSingleServiceThread
INFO: Starting ShopTask service. 
01-Jun-2012 01:28:03 com.settinghead.wenwentu.service.GroffleService runSingleServiceThread
INFO: Starting ShopTask service. 
01-Jun-2012 01:28:03 com.settinghead.wenwentu.service.GroffleService runSingleServiceThread
INFO: Starting ShopTask service. 
01-Jun-2012 01:28:03 com.settinghead.wenwentu.service.GroffleService runSingleServiceThread
INFO: Starting ShopTask service. 
01-Jun-2012 01:28:03 com.settinghead.wenwentu.service.GroffleService runSingleServiceThread
INFO: Starting ShopTask service. 
01-Jun-2012 01:28:03 com.settinghead.wenwentu.service.GroffleService runSingleServiceThread
INFO: Starting ShopTask service. 
01-Jun-2012 01:28:03 com.settinghead.wenwentu.service.GroffleService runSingleServiceThread
INFO: Starting ShopTask service. 
01-Jun-2012 01:28:03 com.settinghead.wenwentu.service.GroffleService runSingleServiceThread
INFO: Starting ShopTask service. 
01-Jun-2012 01:28:03 com.settinghead.wenwentu.service.GroffleService runSingleServiceThread
INFO: Starting ShopTask service. 
01-Jun-2012 01:28:03 com.settinghead.wenwentu.service.GroffleService runSingleServiceThread
INFO: Starting ShopTask service. 
01-Jun-2012 01:28:03 com.settinghead.wenwentu.service.GroffleService runSingleServiceThread
INFO: Starting ShopTask service. 
01-Jun-2012 01:28:03 com.settinghead.wenwentu.service.GroffleService runSingleServiceThread
INFO: Starting ShopTask service. 
01-Jun-2012 01:28:03 com.settinghead.wenwentu.service.GroffleService runSingleServiceThread
INFO: Starting ShopTask service. 
01-Jun-2012 01:28:03 com.settinghead.wenwentu.service.GroffleService runSingleServiceThread
INFO: Starting ShopTask service. 
01-Jun-2012 01:28:03 com.settinghead.wenwentu.service.GroffleService runSingleServiceThread
INFO: Starting ShopTask service. 
01-Jun-2012 01:28:03 com.settinghead.wenwentu.service.GroffleService runSingleServiceThread
INFO: Starting ShopTask service. 
01-Jun-2012 01:28:03 com.settinghead.wenwentu.service.GroffleService runSingleServiceThread
INFO: Starting ShopTask service. 
01-Jun-2012 01:28:03 com.settinghead.wenwentu.service.GroffleService runSingleServiceThread
INFO: Starting ShopTask service. 
01-Jun-2012 01:28:03 com.settinghead.wenwentu.service.GroffleService runSingleServiceThread
INFO: Starting ShopTask service. 
01-Jun-2012 01:28:03 com.settinghead.wenwentu.service.GroffleService runSingleServiceThread
INFO: Starting ShopTask service. 
01-Jun-2012 01:28:04 com.settinghead.wenwentu.service.GroffleService$2 run
INFO: {"userId":1,"templateId":31}
01-Jun-2012 01:28:04 com.settinghead.wenwentu.service.GroffleService$2 run
INFO: {"userId":1,"templateId":31}
01-Jun-2012 01:28:04 com.settinghead.wenwentu.service.GroffleService$2 run
INFO: {"userId":1,"templateId":"null"}
01-Jun-2012 01:28:04 com.settinghead.wenwentu.service.GroffleService$2 run
INFO: {"userId":1,"templateId":31}
01-Jun-2012 01:28:04 com.settinghead.wenwentu.service.GroffleService$2 run
INFO: {"userId":1,"templateId":31}
01-Jun-2012 01:28:04 com.settinghead.wenwentu.service.GroffleService$2 run
INFO: {"userId":1,"templateId":"null"}
01-Jun-2012 01:28:04 com.settinghead.wenwentu.service.GroffleService$2 run
INFO: {"userId":1,"templateId":31}
01-Jun-2012 01:28:04 com.settinghead.wenwentu.service.GroffleService$2 run
INFO: {"userId":1,"templateId":31}
01-Jun-2012 01:28:04 com.settinghead.wenwentu.service.GroffleService$2 run
INFO: {"userId":"null","templateId":"null"}
01-Jun-2012 01:28:04 com.settinghead.wenwentu.service.GroffleService$2 run
INFO: {"userId":"null","templateId":17}
01-Jun-2012 01:28:04 com.settinghead.wenwentu.service.GroffleService$2 run
INFO: {"userId":"null","templateId":17}
01-Jun-2012 01:28:04 com.settinghead.wenwentu.service.GroffleService$2 run
INFO: {"userId":"null","templateId":17}
01-Jun-2012 01:28:04 com.settinghead.wenwentu.service.GroffleService$2 run
INFO: {"userId":"null","templateId":17}
01-Jun-2012 01:28:04 com.settinghead.wenwentu.service.GroffleService$2 run
INFO: {"userId":"null","templateId":17}
01-Jun-2012 01:28:04 com.settinghead.wenwentu.service.GroffleService$2 run
INFO: {"userId":"null","templateId":"null"}
01-Jun-2012 01:28:04 com.settinghead.wenwentu.service.GroffleService$2 run
INFO: {"userId":"null","templateId":"null"}
01-Jun-2012 01:28:04 com.settinghead.wenwentu.service.GroffleService$2 run
INFO: {"userId":"null","templateId":17}
01-Jun-2012 01:28:04 com.settinghead.wenwentu.service.GroffleService$2 run
INFO: {"userId":"null","templateId":17}
01-Jun-2012 01:28:04 com.settinghead.wenwentu.service.GroffleService$2 run
INFO: {"userId":"null","templateId":17}
01-Jun-2012 01:28:04 com.settinghead.wenwentu.service.GroffleService$2 run
INFO: {"userId":"null","templateId":"null"}
01-Jun-2012 01:28:05 com.settinghead.wenwentu.service.GroffleService$2 run
INFO: shop_1_31 written to cache.
01-Jun-2012 01:28:05 com.settinghead.wenwentu.service.GroffleService$2 run
INFO: shop_1_null written to cache.
01-Jun-2012 01:28:05 com.settinghead.wenwentu.service.GroffleService$2 run
INFO: shop_null_17 written to cache.
01-Jun-2012 01:28:05 com.settinghead.wenwentu.service.GroffleService$2 run
INFO: shop_1_31 written to cache.
01-Jun-2012 01:28:05 com.settinghead.wenwentu.service.GroffleService$2 run
INFO: shop_null_null written to cache.
01-Jun-2012 01:28:05 com.settinghead.wenwentu.service.GroffleService$2 run
INFO: shop_null_null written to cache.
01-Jun-2012 01:28:05 com.settinghead.wenwentu.service.GroffleService$2 run
INFO: {"userId":"null","templateId":17}
01-Jun-2012 01:28:05 com.settinghead.wenwentu.service.GroffleService$2 run
INFO: {"userId":"null","templateId":19}
01-Jun-2012 01:28:05 com.settinghead.wenwentu.service.GroffleService$2 run
INFO: {"userId":"null","templateId":"null"}
01-Jun-2012 01:28:05 com.settinghead.wenwentu.service.GroffleService$2 run
INFO: {"userId":"null","templateId":19}
01-Jun-2012 01:28:05 com.settinghead.wenwentu.service.GroffleService$2 run
INFO: {"userId":"null","templateId":19}
01-Jun-2012 01:28:05 com.settinghead.wenwentu.service.GroffleService$2 run
INFO: {"userId":"null","templateId":19}
01-Jun-2012 01:28:05 com.settinghead.wenwentu.service.GroffleService$2 run
INFO: {"userId":"null","templateId":19}
01-Jun-2012 01:28:05 com.settinghead.wenwentu.service.GroffleService$2 run
INFO: {"userId":"null","templateId":19}
01-Jun-2012 01:28:05 com.settinghead.wenwentu.service.GroffleService$2 run
INFO: {"userId":"null","templateId":19}
01-Jun-2012 01:28:05 com.settinghead.wenwentu.service.GroffleService$2 run
INFO: shop_null_19 written to cache.
01-Jun-2012 01:28:05 com.settinghead.wenwentu.service.GroffleService$2 run
INFO: shop_null_19 written to cache.
01-Jun-2012 01:28:05 com.settinghead.wenwentu.service.GroffleService$2 run
INFO: shop_null_19 written to cache.
01-Jun-2012 01:28:05 com.settinghead.wenwentu.service.GroffleService$2 run
INFO: shop_null_19 written to cache.
01-Jun-2012 01:28:05 com.settinghead.wenwentu.service.GroffleService$2 run
INFO: shop_null_19 written to cache.
01-Jun-2012 01:28:05 com.settinghead.wenwentu.service.GroffleService$2 run
INFO: shop_null_19 written to cache.
01-Jun-2012 01:28:05 com.settinghead.wenwentu.service.GroffleService$2 run
INFO: {"userId":"null","templateId":"null"}
01-Jun-2012 01:28:05 com.settinghead.wenwentu.service.GroffleService$2 run
INFO: {"userId":"null","templateId":19}
01-Jun-2012 01:28:05 com.settinghead.wenwentu.service.GroffleService$2 run
INFO: {"userId":"null","templateId":19}
01-Jun-2012 01:28:05 com.settinghead.wenwentu.service.GroffleService$2 run
INFO: {"userId":"null","templateId":19}
01-Jun-2012 01:28:05 com.settinghead.wenwentu.service.GroffleService$2 run
INFO: {"userId":"null","templateId":19}
01-Jun-2012 01:28:05 com.settinghead.wenwentu.service.GroffleService$2 run
INFO: shop_null_19 written to cache.
01-Jun-2012 01:28:05 com.settinghead.wenwentu.service.GroffleService$2 run
INFO: {"userId":"null","templateId":"null"}
01-Jun-2012 01:28:05 com.settinghead.wenwentu.service.GroffleService$2 run
INFO: {"userId":"null","templateId":19}
01-Jun-2012 01:28:05 com.settinghead.wenwentu.service.GroffleService$2 run
INFO: {"userId":"null","templateId":19}
01-Jun-2012 01:28:05 com.settinghead.wenwentu.service.GroffleService$2 run
INFO: {"userId":"null","templateId":19}
01-Jun-2012 01:28:05 com.settinghead.wenwentu.service.GroffleService$2 run
INFO: {"userId":"null","templateId":19}
01-Jun-2012 01:28:05 com.settinghead.wenwentu.service.GroffleService$2 run
INFO: {"userId":"null","templateId":"null"}
01-Jun-2012 01:28:05 com.settinghead.wenwentu.service.GroffleService$2 run
INFO: {"userId":"null","templateId":19}
01-Jun-2012 01:28:05 com.settinghead.wenwentu.service.GroffleService$2 run
INFO: {"userId":"null","templateId":19}
01-Jun-2012 01:28:05 com.settinghead.wenwentu.service.GroffleService$2 run
INFO: {"userId":"null","templateId":19}
01-Jun-2012 01:28:05 com.settinghead.wenwentu.service.GroffleService$2 run
INFO: {"userId":"null","templateId":19}
01-Jun-2012 01:28:05 com.settinghead.wenwentu.service.GroffleService$2 run
INFO: {"userId":"null","templateId":"null"}
01-Jun-2012 01:28:05 com.settinghead.wenwentu.service.GroffleService$2 run
INFO: {"userId":"null","templateId":19}
01-Jun-2012 01:28:05 com.settinghead.wenwentu.service.GroffleService$2 run
INFO: {"userId":"null","templateId":19}
01-Jun-2012 01:28:05 com.settinghead.wenwentu.service.GroffleService$2 run
INFO: {"userId":"null","templateId":19}
01-Jun-2012 01:28:05 com.settinghead.wenwentu.service.GroffleService$2 run
INFO: {"userId":"null","templateId":19}
01-Jun-2012 01:28:05 com.settinghead.wenwentu.service.GroffleService$2 run
INFO: {"userId":"null","templateId":19}
01-Jun-2012 01:28:05 com.settinghead.wenwentu.service.GroffleService$2 run
INFO: {"userId":"null","templateId":"null"}
01-Jun-2012 01:28:05 com.settinghead.wenwentu.service.GroffleService$2 run
INFO: {"userId":"null","templateId":"null"}
01-Jun-2012 01:28:05 com.settinghead.wenwentu.service.GroffleService$2 run
INFO: {"userId":"null","templateId":"null"}
01-Jun-2012 01:28:05 com.settinghead.wenwentu.service.GroffleService$2 run
INFO: {"userId":2,"templateId":"null"}
01-Jun-2012 01:28:05 com.settinghead.wenwentu.service.GroffleService$2 run
INFO: shop_2_null written to cache.
01-Jun-2012 01:28:05 com.settinghead.wenwentu.service.GroffleService$2 run
INFO: {"userId":2,"templateId":"null"}
01-Jun-2012 01:28:05 com.settinghead.wenwentu.service.GroffleService$2 run
INFO: {"userId":2,"templateId":"null"}
01-Jun-2012 01:28:05 com.settinghead.wenwentu.service.GroffleService$2 run
INFO: {"userId":2,"templateId":"null"}
01-Jun-2012 01:28:05 com.settinghead.wenwentu.service.GroffleService$2 run
INFO: {"userId":1,"templateId":17}
01-Jun-2012 01:28:05 com.settinghead.wenwentu.service.GroffleService$2 run
INFO: {"userId":1,"templateId":17}
01-Jun-2012 01:28:05 com.settinghead.wenwentu.service.GroffleService$2 run
INFO: {"userId":1,"templateId":17}
01-Jun-2012 01:28:05 com.settinghead.wenwentu.service.GroffleService$2 run
INFO: shop_1_17 written to cache.
01-Jun-2012 01:28:05 com.settinghead.wenwentu.service.GroffleService$2 run
INFO: shop_1_17 written to cache.
01-Jun-2012 01:28:06 com.settinghead.wenwentu.service.GroffleService$2 run
INFO: {"userId":1,"templateId":17}
01-Jun-2012 01:28:06 com.settinghead.wenwentu.service.GroffleService$2 run
INFO: {"userId":1,"templateId":17}
01-Jun-2012 01:28:06 com.settinghead.wenwentu.service.GroffleService$2 run
INFO: {"userId":1,"templateId":17}
01-Jun-2012 01:28:06 com.settinghead.wenwentu.service.GroffleService$2 run
INFO: {"userId":1,"templateId":17}
01-Jun-2012 01:28:06 com.settinghead.wenwentu.service.GroffleService$2 run
INFO: {"userId":1,"templateId":17}
01-Jun-2012 01:28:06 com.settinghead.wenwentu.service.GroffleService$2 run
INFO: {"userId":1,"templateId":17}
01-Jun-2012 01:28:06 com.settinghead.wenwentu.service.GroffleService$2 run
INFO: {"userId":1,"templateId":17}
01-Jun-2012 01:28:06 com.settinghead.wenwentu.service.GroffleService$2 run
INFO: {"userId":1,"templateId":17}
01-Jun-2012 01:28:06 com.settinghead.wenwentu.service.GroffleService$2 run
INFO: {"userId":1,"templateId":17}
01-Jun-2012 01:28:06 com.settinghead.wenwentu.service.GroffleService$2 run
INFO: {"userId":1,"templateId":17}
01-Jun-2012 01:28:06 com.settinghead.wenwentu.service.GroffleService$2 run
INFO: {"userId":1,"templateId":17}
01-Jun-2012 01:28:06 com.settinghead.wenwentu.service.GroffleService$2 run
INFO: {"userId":1,"templateId":17}
01-Jun-2012 01:28:06 com.settinghead.wenwentu.service.GroffleService$2 run
INFO: {"userId":1,"templateId":17}
01-Jun-2012 01:28:06 com.settinghead.wenwentu.service.GroffleService$2 run
INFO: {"userId":1,"templateId":17}
01-Jun-2012 01:28:06 com.settinghead.wenwentu.service.GroffleService$2 run
INFO: {"userId":1,"templateId":17}
01-Jun-2012 01:28:06 com.settinghead.wenwentu.service.GroffleService$2 run
INFO: {"userId":1,"templateId":17}
01-Jun-2012 01:28:06 com.settinghead.wenwentu.service.GroffleService$2 run
INFO: {"userId":1,"templateId":17}
01-Jun-2012 01:28:06 com.settinghead.wenwentu.service.GroffleService$2 run
INFO: {"userId":1,"templateId":17}
01-Jun-2012 01:28:06 com.settinghead.wenwentu.service.GroffleService$2 run
INFO: {"userId":1,"templateId":17}
01-Jun-2012 01:28:06 com.settinghead.wenwentu.service.GroffleService$2 run
INFO: {"userId":1,"templateId":"null"}
01-Jun-2012 01:28:06 com.settinghead.wenwentu.service.GroffleService$2 run
INFO: {"userId":1,"templateId":17}
01-Jun-2012 01:28:06 com.settinghead.wenwentu.service.GroffleService$2 run
INFO: {"userId":1,"templateId":17}
01-Jun-2012 01:28:06 com.settinghead.wenwentu.service.GroffleService$2 run
INFO: {"userId":1,"templateId":30}
01-Jun-2012 01:28:06 com.settinghead.wenwentu.service.GroffleService$2 run
INFO: shop_1_30 written to cache.
01-Jun-2012 01:28:06 com.settinghead.wenwentu.service.GroffleService$2 run
INFO: {"userId":1,"templateId":30}
01-Jun-2012 01:29:48 com.settinghead.wenwentu.service.GroffleService runSingleServiceThread
INFO: Starting ShopTask service. 
01-Jun-2012 01:29:48 com.settinghead.wenwentu.service.GroffleService runSingleServiceThread
INFO: Starting ShopTask service. 
01-Jun-2012 01:29:48 com.settinghead.wenwentu.service.GroffleService runSingleServiceThread
INFO: Starting ShopTask service. 
01-Jun-2012 01:29:49 com.settinghead.wenwentu.service.GroffleService runSingleServiceThread
INFO: Starting ShopTask service. 
01-Jun-2012 01:29:49 com.settinghead.wenwentu.service.GroffleService runSingleServiceThread
INFO: Starting ShopTask service. 
01-Jun-2012 01:29:49 com.settinghead.wenwentu.service.GroffleService runSingleServiceThread
INFO: Starting ShopTask service. 
01-Jun-2012 01:29:49 com.settinghead.wenwentu.service.GroffleService runSingleServiceThread
INFO: Starting ShopTask service. 
01-Jun-2012 01:29:49 com.settinghead.wenwentu.service.GroffleService runSingleServiceThread
INFO: Starting ShopTask service. 
01-Jun-2012 01:29:49 com.settinghead.wenwentu.service.GroffleService runSingleServiceThread
INFO: Starting ShopTask service. 
01-Jun-2012 01:29:49 com.settinghead.wenwentu.service.GroffleService runSingleServiceThread
INFO: Starting ShopTask service. 
01-Jun-2012 01:29:49 com.settinghead.wenwentu.service.GroffleService runSingleServiceThread
INFO: Starting ShopTask service. 
01-Jun-2012 01:29:49 com.settinghead.wenwentu.service.GroffleService runSingleServiceThread
INFO: Starting ShopTask service. 
01-Jun-2012 01:29:49 com.settinghead.wenwentu.service.GroffleService runSingleServiceThread
INFO: Starting ShopTask service. 
01-Jun-2012 01:29:49 com.settinghead.wenwentu.service.GroffleService runSingleServiceThread
INFO: Starting ShopTask service. 
01-Jun-2012 01:29:49 com.settinghead.wenwentu.service.GroffleService runSingleServiceThread
INFO: Starting ShopTask service. 
01-Jun-2012 01:29:49 com.settinghead.wenwentu.service.GroffleService runSingleServiceThread
INFO: Starting ShopTask service. 
01-Jun-2012 01:29:49 com.settinghead.wenwentu.service.GroffleService runSingleServiceThread
INFO: Starting ShopTask service. 
01-Jun-2012 01:29:49 com.settinghead.wenwentu.service.GroffleService runSingleServiceThread
INFO: Starting ShopTask service. 
01-Jun-2012 01:29:49 com.settinghead.wenwentu.service.GroffleService runSingleServiceThread
INFO: Starting ShopTask service. 
01-Jun-2012 01:29:49 com.settinghead.wenwentu.service.GroffleService runSingleServiceThread
INFO: Starting ShopTask service. 
01-Jun-2012 01:30:30 com.settinghead.wenwentu.service.GroffleService$2 run
INFO: {"userId":1,"templateId":19}
01-Jun-2012 01:30:30 com.settinghead.wenwentu.service.GroffleService$2 run
INFO: shop_1_19 written to cache.
01-Jun-2012 01:30:36 com.settinghead.wenwentu.service.GroffleService$2 run
INFO: {"userId":1,"templateId":"null"}
01-Jun-2012 01:30:36 com.settinghead.wenwentu.service.GroffleService$2 run
INFO: shop_1_null written to cache.
01-Jun-2012 01:31:04 com.settinghead.wenwentu.service.GroffleService$2 run
INFO: {"userId":1,"templateId":19}
01-Jun-2012 01:40:41 com.settinghead.wenwentu.service.GroffleService$2 run
INFO: {"userId":1,"templateId":19}
01-Jun-2012 01:41:07 com.settinghead.wenwentu.service.GroffleService$2 run
INFO: {"userId":"null","templateId":19}
01-Jun-2012 01:41:07 com.settinghead.wenwentu.service.GroffleService$2 run
INFO: shop_null_19 written to cache.
01-Jun-2012 01:41:13 com.settinghead.wenwentu.service.GroffleService$2 run
INFO: {"userId":"null","templateId":"null"}
01-Jun-2012 01:41:13 com.settinghead.wenwentu.service.GroffleService$2 run
INFO: shop_null_null written to cache.
01-Jun-2012 01:41:43 com.settinghead.wenwentu.service.GroffleService$2 run
INFO: {"userId":1,"templateId":29}
01-Jun-2012 01:41:43 com.settinghead.wenwentu.service.GroffleService$2 run
INFO: shop_1_29 written to cache.
